client
dev tun
proto udp
resolv-retry infinite
nobind
key-direction 1
reneg-sec 0
tun-mtu 1500
tun-mtu-extra 32
mssfix 1450
persist-key
persist-tun
hand-window 180
ping-restart 30
ping 5
auth-retry interact
ping-timer-rem
remote-cert-tls server
mute 10
comp-lzo
verb 3
pull
fast-io
cipher AES-128-CBC
remote-random
auth-user-pass



<ca>
-----BEGIN CERTIFICATE-----
MIIEmzCCA4OgAwIBAgIJAIsPF0BTVr9FMA0GCSqGSIb3DQEBCwUAMIGPMQswCQYD
VQQGEwJVUzELMAkGA1UECBMCREUxEzARBgNVBAcTCldpbG1pbmd0b24xDjAMBgNV
BAoTBVZwbkhUMQ4wDAYDVQQLEwVWUE5IVDEPMA0GA1UEAxMGdnBuLmh0MQ4wDAYD
VQQpEwVWUE5IVDEdMBsGCSqGSIb3DQEJARYOc3VwcG9ydEB2cG4uaHQwHhcNMTQx
MTI4MTM1NDE5WhcNMjQxMTI1MTM1NDE5WjCBjzELMAkGA1UEBhMCVVMxCzAJBgNV
BAgTAkRFMRMwEQYDVQQHEwpXaWxtaW5ndG9uMQ4wDAYDVQQKEwVWcG5IVDEOMAwG
A1UECxMFVlBOSFQxDzANBgNVBAMTBnZwbi5odDEOMAwGA1UEKRMFVlBOSFQxHTAb
BgkqhkiG9w0BCQEWDnN1cHBvcnRAdnBuLmh0MIIBIjANBgkqhkiG9w0BAQEFAAOC
AQ8AMIIBCgKCAQEA3Vz35G5+cChwgyy2L96U6hVCkT2TVfXE4EA+UoVzSV2DQIYH
4cdz+t+jmvyfPZCLdqRIZ3QgV+ftPFuCPlrESdccIOhe1KM5GDDv4LhsQC6jbAsH
pmRrilIxLyZBVTfe2opAJ1A1e03CYjORgLBz7vx+krQ+cG6p7mR/aoKSJulgOhkR
PffXKhnq7dGQkFR5tSG5xESsQVbRqP82xyR9eCOC8GyN6yKt85vCmA/e+6f3fGrJ
uyXnmexxrV8GvRNbdScY/TcjaPsMwePOaOGfa97Svt/M7loTKgUI544p+nEH3QeK
BxwiryBUOHmFetOBh+2nabn5982t4k+MVdy6kQIDAQABo4H3MIH0MB0GA1UdDgQW
BBRvE5Y9ivf8/XYJosCQJeaOIhnYBTCBxAYDVR0jBIG8MIG5gBRvE5Y9ivf8/XYJ
osCQJeaOIhnYBaGBlaSBkjCBjzELMAkGA1UEBhMCVVMxCzAJBgNVBAgTAkRFMRMw
EQYDVQQHEwpXaWxtaW5ndG9uMQ4wDAYDVQQKEwVWcG5IVDEOMAwGA1UECxMFVlBO
SFQxDzANBgNVBAMTBnZwbi5odDEOMAwGA1UEKRMFVlBOSFQxHTAbBgkqhkiG9w0B
CQEWDnN1cHBvcnRAdnBuLmh0ggkAiw8XQFNWv0UwDAYDVR0TBAUwAwEB/zANBgkq
hkiG9w0BAQsFAAOCAQEAOyV3OXQOyJk4U4kkLtvy/Kw0p2V3kaAwRZ9t8sQU1vm4
g/5DIE3lbfCKT4vyb1ckzoV6bP6lG/9NhePJyGR6kub1M9KmwbdR68uTXH69S8/N
ENdjI66gcPLmZGB7FrlMV7wQUy7X5g3cbLJ6spVKqM7lnYmxSqfwTG8qq546gdgk
0OcROxPVtRDyKr+xQRg+WJSFa1ugcVz/x2FiYyTXFwgTS9RAXymTOiDIZcTlrmik
32XQSJBk1cbUDCFsZo9LbuUB3Oe6Kv36wUJAXlsxgEtdgEcsr7BezqLcSPp6PyqC
5GZ97ULagirc82d4BfDVp1GtUJlJMLJVMAmaoNn3Sw==
-----END CERTIFICATE-----

</ca>

<tls-auth>
#
# 2048 bit OpenVPN static key
#
-----BEGIN OpenVPN Static key V1-----
74fa428696037279b617bb92efc1d2df
edf3e030b0e24b848e1389490411e2b6
ebbc521669285d17b9aeea190066502a
c3ad09b0b272a81ed737760451fe6071
a2003356a5f8e0f8f4555290f539bcfb
371282cec7f6de53ffce1665f304f774
6d4aaad012afa02a4faa9d4db325e104
e1c957b056e1d6130daf4210531488e0
978ba4ddaac3986e31c23f6589d21f62
e36354931f0723771376c117b6ef3a17
260e1f582475b8e1438147a82d716b37
f8d451f0191586040950721bc5657657
ecd7574731c06d390af2977c2eb15176
b604121698394edf94e1ea091f008b83
ad7921e7beba7b175956b9261d0cd686
692b07de56806b72e46e5a7a69f9bb9a
-----END OpenVPN Static key V1-----
</tls-auth>


remote 82.102.24.198 1194
Sat Jan 23 16:46:29 2021 OpenVPN 2.4.7 x86_64-pc-linux-gnu [SSL (OpenSSL)] [LZO] [LZ4] [EPOLL] [PKCS11] [MH/PKTINFO] [AEAD] built on Sep  5 2019
Sat Jan 23 16:46:29 2021 library versions: OpenSSL 1.1.1f  31 Mar 2020, LZO 2.10
Sat Jan 23 16:46:29 2021 NOTE: the current --script-security setting may allow this configuration to call user-defined scripts
Sat Jan 23 16:46:29 2021 Outgoing Control Channel Authentication: Using 160 bit message hash 'SHA1' for HMAC authentication
Sat Jan 23 16:46:29 2021 Incoming Control Channel Authentication: Using 160 bit message hash 'SHA1' for HMAC authentication
Sat Jan 23 16:46:29 2021 TCP/UDP: Preserving recently used remote address: [AF_INET]82.102.24.198:1194
Sat Jan 23 16:46:29 2021 UDP link local: (not bound)
Sat Jan 23 16:46:29 2021 UDP link remote: [AF_INET]82.102.24.198:1194
Sat Jan 23 16:46:29 2021 WARNING: this configuration may cache passwords in memory -- use the auth-nocache option to prevent this
Sat Jan 23 16:46:29 2021 VERIFY SCRIPT OK: depth=1, C=US, ST=DE, L=Wilmington, O=VpnHT, OU=VPNHT, CN=vpn.ht, name=VPNHT, emailAddress=support@vpn.ht
Sat Jan 23 16:46:29 2021 VERIFY OK: depth=1, C=US, ST=DE, L=Wilmington, O=VpnHT, OU=VPNHT, CN=vpn.ht, name=VPNHT, emailAddress=support@vpn.ht
Sat Jan 23 16:46:29 2021 VERIFY KU OK
Sat Jan 23 16:46:29 2021 Validating certificate extended key usage
Sat Jan 23 16:46:29 2021 ++ Certificate has EKU (str) TLS Web Server Authentication, expects TLS Web Server Authentication
Sat Jan 23 16:46:29 2021 VERIFY EKU OK
Sat Jan 23 16:46:29 2021 VERIFY SCRIPT OK: depth=0, C=US, ST=CA, L=SanFrancisco, O=Fort-Funston, OU=MyOrganizationalUnit, CN=server, name=EasyRSA, emailAddress=me@myhost.mydomain
Sat Jan 23 16:46:29 2021 VERIFY OK: depth=0, C=US, ST=CA, L=SanFrancisco, O=Fort-Funston, OU=MyOrganizationalUnit, CN=server, name=EasyRSA, emailAddress=me@myhost.mydomain
Sat Jan 23 16:46:29 2021 Control Channel: TLSv1.3, cipher TLSv1.3 TLS_AES_256_GCM_SHA384, 2048 bit RSA
Sat Jan 23 16:46:29 2021 [server] Peer Connection Initiated with [AF_INET]82.102.24.198:1194
Sat Jan 23 16:46:31 2021 Data Channel: using negotiated cipher 'AES-256-GCM'
Sat Jan 23 16:46:31 2021 Outgoing Data Channel: Cipher 'AES-256-GCM' initialized with 256 bit key
Sat Jan 23 16:46:31 2021 Incoming Data Channel: Cipher 'AES-256-GCM' initialized with 256 bit key
Sat Jan 23 16:46:31 2021 /sbin/ip link set dev tun0 up mtu 1500
Sat Jan 23 16:46:31 2021 TUN/TAP device tun0 opened
Sat Jan 23 16:46:31 2021 /sbin/ip addr add dev tun0 10.3.2.150/16 broadcast 10.3.255.255
Sat Jan 23 16:46:31 2021 /tmp/vpnht/default-up.sh tun0 1500 1585 10.3.2.150 255.255.0.0 init
<14>Jan 23 16:46:31 default-up.sh: Link 'tun0' coming up
<14>Jan 23 16:46:31 default-up.sh: Adding IPv4 DNS Server 10.3.0.1
<14>Jan 23 16:46:31 default-up.sh: SetLinkDNS(5 1 2 4 10 3 0 1)
Sat Jan 23 16:46:31 2021 Initialization Sequence Completed
Sat Jan 23 17:17:28 2021 event_wait : Interrupted system call (code=4)
Sat Jan 23 17:17:28 2021 SIGTERM received, sending exit notification to peer
Sat Jan 23 17:17:29 2021 /tmp/vpnht/default-block.sh tun0 1500 1585 10.3.2.150 255.255.0.0 init
Sat Jan 23 17:17:29 2021 Closing TUN/TAP interface
Sat Jan 23 17:17:29 2021 /sbin/ip addr del dev tun0 10.3.2.150/16
Sat Jan 23 17:17:29 2021 /tmp/vpnht/default-down.sh tun0 1500 1585 10.3.2.150 255.255.0.0 init
Device "tun0" does not exist.
<11>Jan 23 17:17:29 default-down.sh: Invalid device name: 'tun0'. Usage: default-down.sh up|down device_name.
Sat Jan 23 17:17:29 2021 WARNING: Failed running command (--up/--down): external program exited with error status: 1
Sat Jan 23 17:17:29 2021 Exiting due to fatal error
