[2020-12-7 19:4:58][INFO] ▶  app: ----------------
[2020-12-7 19:4:58][INFO] ▶  app: Initializing 1.1.2
[2020-12-7 19:4:58][INFO] ▶  app: Process ready
[2020-12-7 19:4:58][INFO] ▶  app: Service ready
[2020-12-7 19:4:58][INFO] ▶  app: Checking updates...
[2020-12-7 19:5:2][ERROR] ▶  app: Error: ETIMEDOUT
[2020-12-7 19:5:2][INFO] ▶  app: Servers list: 81 servers found.
[2020-12-7 19:5:3][INFO] ▶  app: Current status: Not Connected
[2020-12-7 19:5:29][INFO] ▶  app: Trying to authentificate...
[2020-12-7 19:7:52][INFO] ▶  app: ----------------
[2020-12-7 19:7:52][INFO] ▶  app: Initializing 1.1.2
[2020-12-7 19:7:53][INFO] ▶  app: Process ready
[2020-12-7 19:7:53][WARN] ▶  app: can't connect to service... trying to wake up
[2020-12-7 19:7:59][ERROR] ▶  app: unable to connect to service
[2020-12-7 19:10:24][INFO] ▶  app: ----------------
[2020-12-7 19:10:24][INFO] ▶  app: Initializing 1.1.2
[2020-12-7 19:10:24][INFO] ▶  app: Process ready
[2020-12-7 19:10:24][INFO] ▶  app: Service ready
[2020-12-7 19:10:25][INFO] ▶  app: Checking updates...
[2020-12-7 19:10:25][INFO] ▶  app: Tag found: 1.1.2
[2020-12-7 19:10:26][INFO] ▶  app: Servers list: 81 servers found.
[2020-12-7 19:10:26][INFO] ▶  app: Current status: Not Connected
[2020-12-7 19:31:46][INFO] ▶  app: ----------------
[2020-12-7 19:31:46][INFO] ▶  app: Initializing 1.1.2
[2020-12-7 19:31:46][INFO] ▶  app: Process ready
[2020-12-7 19:31:47][INFO] ▶  app: Service ready
[2020-12-7 19:31:47][INFO] ▶  app: Checking updates...
[2020-12-7 19:31:47][INFO] ▶  app: Tag found: 1.1.2
[2020-12-7 19:31:48][INFO] ▶  app: Servers list: 81 servers found.
[2020-12-7 19:31:48][INFO] ▶  app: Current status: Not Connected
[2020-12-8 0:49:28][INFO] ▶  app: ----------------
[2020-12-8 0:49:28][INFO] ▶  app: Initializing 1.1.2
[2020-12-8 0:49:28][INFO] ▶  app: Process ready
[2020-12-8 0:49:28][INFO] ▶  app: Service ready
[2020-12-8 0:49:28][INFO] ▶  app: Checking updates...
[2020-12-8 0:49:28][INFO] ▶  app: Tag found: 1.1.2
[2020-12-8 0:49:29][INFO] ▶  app: Servers list: 80 servers found.
[2020-12-8 0:49:30][INFO] ▶  app: Current status: Not Connected
[2020-12-8 0:49:30][INFO] ▶  app: Servers list: 81 servers found.
[2020-12-8 17:31:1][INFO] ▶  app: ----------------
[2020-12-8 17:31:1][INFO] ▶  app: Initializing 1.1.2
[2020-12-8 17:31:1][INFO] ▶  app: Process ready
[2020-12-8 17:31:2][INFO] ▶  app: Service ready
[2020-12-8 17:31:2][INFO] ▶  app: Checking updates...
[2020-12-8 17:31:2][INFO] ▶  app: Tag found: 1.1.2
[2020-12-8 17:31:3][INFO] ▶  app: Servers list: 81 servers found.
[2020-12-8 17:31:3][INFO] ▶  app: Current status: Not Connected
[2020-12-8 20:26:46][INFO] ▶  app: ----------------
[2020-12-8 20:26:46][INFO] ▶  app: Initializing 1.1.2
[2020-12-8 20:26:46][INFO] ▶  app: Process ready
[2020-12-8 20:26:46][INFO] ▶  app: Service ready
[2020-12-8 20:26:46][INFO] ▶  app: Checking updates...
[2020-12-8 20:26:49][ERROR] ▶  app: Error: ETIMEDOUT
[2020-12-8 20:26:50][INFO] ▶  app: Servers list: 81 servers found.
[2020-12-8 20:26:50][INFO] ▶  app: Current status: Not Connected
[2020-12-9 22:35:59][INFO] ▶  app: ----------------
[2020-12-9 22:35:59][INFO] ▶  app: Initializing 1.1.2
[2020-12-9 22:35:59][INFO] ▶  app: Process ready
[2020-12-9 22:35:59][INFO] ▶  app: Service ready
[2020-12-9 22:35:59][INFO] ▶  app: Checking updates...
[2020-12-9 22:35:59][INFO] ▶  app: Tag found: 1.1.2
[2020-12-9 22:36:0][INFO] ▶  app: Servers list: 80 servers found.
[2020-12-9 22:36:0][INFO] ▶  app: Current status: Not Connected
[2020-12-11 19:5:28][INFO] ▶  app: ----------------
[2020-12-11 19:5:28][INFO] ▶  app: Initializing 1.1.2
[2020-12-11 19:5:28][INFO] ▶  app: Process ready
[2020-12-11 19:5:28][INFO] ▶  app: Service ready
[2020-12-11 19:5:28][INFO] ▶  app: Checking updates...
[2020-12-11 19:5:28][INFO] ▶  app: Tag found: 1.1.2
[2020-12-11 19:5:29][INFO] ▶  app: Servers list: 78 servers found.
[2020-12-11 19:5:29][INFO] ▶  app: Current status: Not Connected
[2020-12-12 23:6:27][INFO] ▶  app: ----------------
[2020-12-12 23:6:27][INFO] ▶  app: Initializing 1.1.2
[2020-12-12 23:6:27][INFO] ▶  app: Process ready
[2020-12-12 23:6:27][INFO] ▶  app: Service ready
[2020-12-12 23:6:27][INFO] ▶  app: Checking updates...
[2020-12-12 23:6:27][INFO] ▶  app: Tag found: 1.1.2
[2020-12-12 23:6:28][INFO] ▶  app: Servers list: 78 servers found.
[2020-12-12 23:6:28][INFO] ▶  app: Current status: Not Connected
[2020-12-14 1:15:58][INFO] ▶  app: ----------------
[2020-12-14 1:15:58][INFO] ▶  app: Initializing 1.1.2
[2020-12-14 1:15:58][INFO] ▶  app: Process ready
[2020-12-14 1:15:58][INFO] ▶  app: Service ready
[2020-12-14 1:15:58][INFO] ▶  app: Checking updates...
[2020-12-14 1:15:58][INFO] ▶  app: Tag found: 1.1.2
[2020-12-14 1:15:59][INFO] ▶  app: Servers list: 78 servers found.
[2020-12-14 1:15:59][INFO] ▶  app: Current status: Not Connected
[2020-12-14 1:15:59][INFO] ▶  app: Servers list: 78 servers found.
[2020-12-14 22:55:25][INFO] ▶  app: ----------------
[2020-12-14 22:55:25][INFO] ▶  app: Initializing 1.1.2
[2020-12-14 22:55:25][INFO] ▶  app: Process ready
[2020-12-14 22:55:25][INFO] ▶  app: Service ready
[2020-12-14 22:55:25][INFO] ▶  app: Checking updates...
[2020-12-14 22:55:26][INFO] ▶  app: Tag found: 1.1.2
[2020-12-14 22:55:27][INFO] ▶  app: Servers list: 78 servers found.
[2020-12-14 22:55:27][INFO] ▶  app: Current status: Not Connected
[2020-12-14 22:55:27][INFO] ▶  app: Servers list: 78 servers found.
[2020-12-16 19:37:30][INFO] ▶  app: ----------------
[2020-12-16 19:37:30][INFO] ▶  app: Initializing 1.1.2
[2020-12-16 19:37:30][INFO] ▶  app: Process ready
[2020-12-16 19:37:30][INFO] ▶  app: Service ready
[2020-12-16 19:37:31][INFO] ▶  app: Checking updates...
[2020-12-16 19:37:34][ERROR] ▶  app: Error: ETIMEDOUT
[2020-12-16 19:37:34][INFO] ▶  app: Servers list: 77 servers found.
[2020-12-16 19:37:35][INFO] ▶  app: Current status: Not Connected
[2020-12-17 21:17:38][INFO] ▶  app: ----------------
[2020-12-17 21:17:38][INFO] ▶  app: Initializing 1.1.2
[2020-12-17 21:17:38][INFO] ▶  app: Process ready
[2020-12-17 21:17:38][INFO] ▶  app: Service ready
[2020-12-17 21:17:38][INFO] ▶  app: Checking updates...
[2020-12-17 21:17:41][ERROR] ▶  app: Error: ETIMEDOUT
[2020-12-17 21:17:42][INFO] ▶  app: Servers list: 77 servers found.
[2020-12-17 21:17:42][INFO] ▶  app: Current status: Not Connected
[2020-12-19 18:15:50][INFO] ▶  app: ----------------
[2020-12-19 18:15:50][INFO] ▶  app: Initializing 1.1.2
[2020-12-19 18:15:50][INFO] ▶  app: Process ready
[2020-12-19 18:15:50][INFO] ▶  app: Service ready
[2020-12-19 18:15:51][INFO] ▶  app: Checking updates...
[2020-12-19 18:15:51][INFO] ▶  app: Tag found: 1.1.2
[2020-12-19 18:15:52][INFO] ▶  app: Servers list: 77 servers found.
[2020-12-19 18:15:52][INFO] ▶  app: Current status: Not Connected
[2020-12-19 22:53:28][INFO] ▶  app: ----------------
[2020-12-19 22:53:28][INFO] ▶  app: Initializing 1.1.2
[2020-12-19 22:53:28][INFO] ▶  app: Process ready
[2020-12-19 22:53:28][INFO] ▶  app: Service ready
[2020-12-19 22:53:28][INFO] ▶  app: Checking updates...
[2020-12-19 22:53:28][INFO] ▶  app: Tag found: 1.1.2
[2020-12-19 22:53:29][INFO] ▶  app: Servers list: 74 servers found.
[2020-12-19 22:53:29][INFO] ▶  app: Current status: Not Connected
[2020-12-19 22:53:30][INFO] ▶  app: Servers list: 76 servers found.
[2020-12-20 20:46:47][INFO] ▶  app: ----------------
[2020-12-20 20:46:47][INFO] ▶  app: Initializing 1.1.2
[2020-12-20 20:46:47][INFO] ▶  app: Process ready
[2020-12-20 20:46:47][INFO] ▶  app: Service ready
[2020-12-20 20:46:47][INFO] ▶  app: Checking updates...
[2020-12-20 20:46:50][INFO] ▶  app: Tag found: 1.1.2
[2020-12-20 20:46:51][INFO] ▶  app: Servers list: 76 servers found.
[2020-12-20 20:46:51][INFO] ▶  app: Current status: Not Connected
[2020-12-20 22:35:30][INFO] ▶  app: ----------------
[2020-12-20 22:35:30][INFO] ▶  app: Initializing 1.1.2
[2020-12-20 22:35:30][INFO] ▶  app: Process ready
[2020-12-20 22:35:30][INFO] ▶  app: Service ready
[2020-12-20 22:35:30][INFO] ▶  app: Checking updates...
[2020-12-20 22:35:31][INFO] ▶  app: Tag found: 1.1.2
[2020-12-20 22:35:31][INFO] ▶  app: Servers list: 76 servers found.
[2020-12-20 22:35:32][INFO] ▶  app: Current status: Not Connected
[2020-12-22 22:51:29][INFO] ▶  app: ----------------
[2020-12-22 22:51:29][INFO] ▶  app: Initializing 1.1.2
[2020-12-22 22:51:29][INFO] ▶  app: Process ready
[2020-12-22 22:51:29][INFO] ▶  app: Service ready
[2020-12-22 22:51:29][INFO] ▶  app: Checking updates...
[2020-12-22 22:51:29][INFO] ▶  app: Tag found: 1.1.2
[2020-12-22 22:51:30][INFO] ▶  app: Servers list: 77 servers found.
[2020-12-22 22:51:31][INFO] ▶  app: Current status: Not Connected
[2020-12-23 20:36:8][INFO] ▶  app: ----------------
[2020-12-23 20:36:8][INFO] ▶  app: Initializing 1.1.2
[2020-12-23 20:36:8][INFO] ▶  app: Process ready
[2020-12-23 20:36:8][INFO] ▶  app: Service ready
[2020-12-23 20:36:8][INFO] ▶  app: Checking updates...
[2020-12-23 20:36:9][INFO] ▶  app: Tag found: 1.1.2
[2020-12-23 20:36:10][INFO] ▶  app: Servers list: 73 servers found.
[2020-12-23 20:36:10][INFO] ▶  app: Current status: Not Connected
[2020-12-23 20:36:10][INFO] ▶  app: Servers list: 79 servers found.
[2020-12-24 1:12:23][INFO] ▶  app: ----------------
[2020-12-24 1:12:23][INFO] ▶  app: Initializing 1.1.2
[2020-12-24 1:12:23][INFO] ▶  app: Process ready
[2020-12-24 1:12:24][INFO] ▶  app: Service ready
[2020-12-24 1:12:24][INFO] ▶  app: Checking updates...
[2020-12-24 1:12:24][INFO] ▶  app: Tag found: 1.1.2
[2020-12-24 1:12:25][INFO] ▶  app: Servers list: 65 servers found.
[2020-12-24 1:12:25][INFO] ▶  app: Current status: Not Connected
[2020-12-24 1:12:26][INFO] ▶  app: Servers list: 78 servers found.
[2020-12-26 0:40:55][INFO] ▶  app: ----------------
[2020-12-26 0:40:55][INFO] ▶  app: Initializing 1.1.2
[2020-12-26 0:40:55][INFO] ▶  app: Process ready
[2020-12-26 0:40:55][INFO] ▶  app: Service ready
[2020-12-26 0:40:55][INFO] ▶  app: Checking updates...
[2020-12-26 0:40:55][INFO] ▶  app: Tag found: 1.1.2
[2020-12-26 0:40:56][INFO] ▶  app: Servers list: 79 servers found.
[2020-12-26 0:40:56][INFO] ▶  app: Current status: Not Connected
[2020-12-27 18:4:36][INFO] ▶  app: ----------------
[2020-12-27 18:4:36][INFO] ▶  app: Initializing 1.1.2
[2020-12-27 18:4:36][INFO] ▶  app: Process ready
[2020-12-27 18:4:37][INFO] ▶  app: Service ready
[2020-12-27 18:4:37][INFO] ▶  app: Checking updates...
[2020-12-27 18:4:37][INFO] ▶  app: Tag found: 1.1.2
[2020-12-27 18:4:38][INFO] ▶  app: Servers list: 75 servers found.
[2020-12-27 18:4:38][INFO] ▶  app: Current status: Not Connected
[2020-12-28 16:33:58][INFO] ▶  app: ----------------
[2020-12-28 16:33:58][INFO] ▶  app: Initializing 1.1.2
[2020-12-28 16:33:58][INFO] ▶  app: Process ready
[2020-12-28 16:33:58][INFO] ▶  app: Service ready
[2020-12-28 16:33:59][INFO] ▶  app: Checking updates...
[2020-12-28 16:33:59][INFO] ▶  app: Tag found: 1.1.2
[2020-12-28 16:34:0][INFO] ▶  app: Servers list: 75 servers found.
[2020-12-28 16:34:0][INFO] ▶  app: Current status: Not Connected
[2020-12-28 21:37:42][INFO] ▶  app: ----------------
[2020-12-28 21:37:42][INFO] ▶  app: Initializing 1.1.2
[2020-12-28 21:37:42][INFO] ▶  app: Process ready
[2020-12-28 21:37:42][INFO] ▶  app: Service ready
[2020-12-28 21:37:42][INFO] ▶  app: Checking updates...
[2020-12-28 21:37:43][INFO] ▶  app: Tag found: 1.1.2
[2020-12-28 21:37:44][INFO] ▶  app: Servers list: 75 servers found.
[2020-12-28 21:37:44][INFO] ▶  app: Current status: Not Connected
[2021-1-1 17:30:17][INFO] ▶  app: ----------------
[2021-1-1 17:30:17][INFO] ▶  app: Initializing 1.1.2
[2021-1-1 17:30:17][INFO] ▶  app: Process ready
[2021-1-1 17:30:18][INFO] ▶  app: Service ready
[2021-1-1 17:30:18][INFO] ▶  app: Checking updates...
[2021-1-1 17:30:18][INFO] ▶  app: Tag found: 1.1.2
[2021-1-1 17:30:19][INFO] ▶  app: Servers list: 75 servers found.
[2021-1-1 17:30:19][INFO] ▶  app: Current status: Not Connected
[2021-1-2 17:53:45][INFO] ▶  app: ----------------
[2021-1-2 17:53:45][INFO] ▶  app: Initializing 1.1.2
[2021-1-2 17:53:45][INFO] ▶  app: Process ready
[2021-1-2 17:53:46][INFO] ▶  app: Service ready
[2021-1-2 17:53:46][INFO] ▶  app: Checking updates...
[2021-1-2 17:53:47][INFO] ▶  app: Tag found: 1.1.2
[2021-1-2 17:53:48][INFO] ▶  app: Servers list: 75 servers found.
[2021-1-2 17:53:48][INFO] ▶  app: Current status: Not Connected
[2021-1-4 22:39:21][INFO] ▶  app: ----------------
[2021-1-4 22:39:21][INFO] ▶  app: Initializing 1.1.2
[2021-1-4 22:39:21][INFO] ▶  app: Process ready
[2021-1-4 22:39:21][INFO] ▶  app: Service ready
[2021-1-4 22:39:21][INFO] ▶  app: Checking updates...
[2021-1-4 22:39:22][INFO] ▶  app: Tag found: 1.1.2
[2021-1-4 22:39:22][INFO] ▶  app: Servers list: 72 servers found.
[2021-1-4 22:39:23][INFO] ▶  app: Current status: Not Connected
[2021-1-5 19:37:54][INFO] ▶  app: ----------------
[2021-1-5 19:37:54][INFO] ▶  app: Initializing 1.1.2
[2021-1-5 19:37:54][INFO] ▶  app: Process ready
[2021-1-5 19:37:54][INFO] ▶  app: Service ready
[2021-1-5 19:37:54][INFO] ▶  app: Checking updates...
[2021-1-5 19:37:54][INFO] ▶  app: Tag found: 1.1.2
[2021-1-5 19:37:55][INFO] ▶  app: Servers list: 72 servers found.
[2021-1-5 19:37:55][INFO] ▶  app: Current status: Not Connected
[2021-1-10 13:37:15][INFO] ▶  app: ----------------
[2021-1-10 13:37:15][INFO] ▶  app: Initializing 1.1.2
[2021-1-10 13:37:16][INFO] ▶  app: Process ready
[2021-1-10 13:37:16][INFO] ▶  app: Service ready
[2021-1-10 13:37:16][INFO] ▶  app: Checking updates...
[2021-1-10 13:37:17][INFO] ▶  app: Tag found: 1.1.2
[2021-1-10 13:37:18][INFO] ▶  app: Servers list: 73 servers found.
[2021-1-10 13:37:18][INFO] ▶  app: Current status: Not Connected
[2021-1-11 20:54:46][INFO] ▶  app: ----------------
[2021-1-11 20:54:46][INFO] ▶  app: Initializing 1.1.2
[2021-1-11 20:54:46][INFO] ▶  app: Process ready
[2021-1-11 20:54:47][INFO] ▶  app: Service ready
[2021-1-11 20:54:47][INFO] ▶  app: Checking updates...
[2021-1-11 20:54:47][INFO] ▶  app: Tag found: 1.1.2
[2021-1-11 20:54:48][INFO] ▶  app: Servers list: 74 servers found.
[2021-1-11 20:54:48][INFO] ▶  app: Current status: Not Connected
[2021-1-14 18:4:35][INFO] ▶  app: ----------------
[2021-1-14 18:4:35][INFO] ▶  app: Initializing 1.1.2
[2021-1-14 18:4:35][INFO] ▶  app: Process ready
[2021-1-14 18:4:35][INFO] ▶  app: Service ready
[2021-1-14 18:4:35][INFO] ▶  app: Checking updates...
[2021-1-14 18:4:35][INFO] ▶  app: Tag found: 1.1.2
[2021-1-14 18:4:36][INFO] ▶  app: Servers list: 72 servers found.
[2021-1-14 18:4:36][INFO] ▶  app: Current status: Not Connected
[2021-1-14 19:35:30][INFO] ▶  app: ----------------
[2021-1-14 19:35:30][INFO] ▶  app: Initializing 1.1.2
[2021-1-14 19:35:30][INFO] ▶  app: Process ready
[2021-1-14 19:35:30][INFO] ▶  app: Service ready
[2021-1-14 19:35:30][INFO] ▶  app: Checking updates...
[2021-1-14 19:35:30][INFO] ▶  app: Tag found: 1.1.2
[2021-1-14 19:35:31][INFO] ▶  app: Servers list: 72 servers found.
[2021-1-14 19:35:31][INFO] ▶  app: Current status: Not Connected
[2021-1-14 23:9:29][INFO] ▶  app: ----------------
[2021-1-14 23:9:29][INFO] ▶  app: Initializing 1.1.2
[2021-1-14 23:9:29][INFO] ▶  app: Process ready
[2021-1-14 23:9:30][INFO] ▶  app: Service ready
[2021-1-14 23:9:30][INFO] ▶  app: Checking updates...
[2021-1-14 23:9:30][INFO] ▶  app: Tag found: 1.1.2
[2021-1-14 23:9:31][INFO] ▶  app: Servers list: 72 servers found.
[2021-1-14 23:9:31][INFO] ▶  app: Current status: Not Connected
[2021-1-16 1:39:23][INFO] ▶  app: ----------------
[2021-1-16 1:39:23][INFO] ▶  app: Initializing 1.1.2
[2021-1-16 1:39:23][INFO] ▶  app: Process ready
[2021-1-16 1:39:24][INFO] ▶  app: Service ready
[2021-1-16 1:39:24][INFO] ▶  app: Checking updates...
[2021-1-16 1:39:24][INFO] ▶  app: Tag found: 1.1.2
[2021-1-16 1:39:25][INFO] ▶  app: Servers list: 72 servers found.
[2021-1-16 1:39:25][INFO] ▶  app: Current status: Not Connected
[2021-1-16 18:15:5][INFO] ▶  app: ----------------
[2021-1-16 18:15:5][INFO] ▶  app: Initializing 1.1.2
[2021-1-16 18:15:5][INFO] ▶  app: Process ready
[2021-1-16 18:15:5][INFO] ▶  app: Service ready
[2021-1-16 18:15:5][INFO] ▶  app: Checking updates...
[2021-1-16 18:15:6][INFO] ▶  app: Tag found: 1.1.2
[2021-1-16 18:15:7][INFO] ▶  app: Servers list: 72 servers found.
[2021-1-16 18:15:7][INFO] ▶  app: Current status: Not Connected
[2021-1-16 18:15:7][INFO] ▶  app: Servers list: 72 servers found.
[2021-1-16 22:8:28][INFO] ▶  app: ----------------
[2021-1-16 22:8:28][INFO] ▶  app: Initializing 1.1.2
[2021-1-16 22:8:28][INFO] ▶  app: Process ready
[2021-1-16 22:8:28][WARN] ▶  app: can't connect to service... trying to wake up
[2021-1-16 22:8:34][ERROR] ▶  app: unable to connect to service
[2021-1-16 22:8:49][INFO] ▶  app: ----------------
[2021-1-16 22:8:49][INFO] ▶  app: Initializing 1.1.2
[2021-1-16 22:8:49][INFO] ▶  app: Process ready
[2021-1-16 22:8:50][INFO] ▶  app: Service ready
[2021-1-16 22:8:50][INFO] ▶  app: Checking updates...
[2021-1-16 22:8:50][INFO] ▶  app: Tag found: 1.1.2
[2021-1-16 22:8:51][INFO] ▶  app: Servers list: 62 servers found.
[2021-1-16 22:8:51][INFO] ▶  app: Current status: Not Connected
[2021-1-16 22:8:52][INFO] ▶  app: Servers list: 72 servers found.
[2021-1-17 22:54:14][INFO] ▶  app: ----------------
[2021-1-17 22:54:14][INFO] ▶  app: Initializing 1.1.2
[2021-1-17 22:54:14][INFO] ▶  app: Process ready
[2021-1-17 22:54:14][INFO] ▶  app: Service ready
[2021-1-17 22:54:14][INFO] ▶  app: Checking updates...
[2021-1-17 22:54:15][INFO] ▶  app: Tag found: 1.1.2
[2021-1-17 22:54:15][INFO] ▶  app: Servers list: 72 servers found.
[2021-1-17 22:54:16][INFO] ▶  app: Current status: Not Connected
[2021-1-20 23:16:31][INFO] ▶  app: ----------------
[2021-1-20 23:16:31][INFO] ▶  app: Initializing 1.1.2
[2021-1-20 23:16:31][INFO] ▶  app: Process ready
[2021-1-20 23:16:31][INFO] ▶  app: Service ready
[2021-1-20 23:16:31][INFO] ▶  app: Checking updates...
[2021-1-20 23:16:31][INFO] ▶  app: Tag found: 1.1.2
[2021-1-20 23:16:32][INFO] ▶  app: Servers list: 72 servers found.
[2021-1-20 23:16:32][INFO] ▶  app: Current status: Not Connected
[2021-1-21 0:36:30][INFO] ▶  app: ----------------
[2021-1-21 0:36:30][INFO] ▶  app: Initializing 1.1.2
[2021-1-21 0:36:30][INFO] ▶  app: Process ready
[2021-1-21 0:36:31][INFO] ▶  app: Service ready
[2021-1-21 0:36:31][INFO] ▶  app: Checking updates...
[2021-1-21 0:36:31][INFO] ▶  app: Tag found: 1.1.2
[2021-1-21 0:36:32][INFO] ▶  app: Servers list: 72 servers found.
[2021-1-21 0:36:32][INFO] ▶  app: Current status: Not Connected
[2021-1-23 15:29:45][INFO] ▶  app: ----------------
[2021-1-23 15:29:45][INFO] ▶  app: Initializing 1.1.2
[2021-1-23 15:29:45][INFO] ▶  app: Process ready
[2021-1-23 15:29:45][INFO] ▶  app: Service ready
[2021-1-23 15:29:45][INFO] ▶  app: Checking updates...
[2021-1-23 15:29:46][INFO] ▶  app: Tag found: 1.1.2
[2021-1-23 15:29:46][INFO] ▶  app: Servers list: 72 servers found.
[2021-1-23 15:29:47][INFO] ▶  app: Current status: Not Connected
[2021-1-23 16:46:15][INFO] ▶  app: ----------------
[2021-1-23 16:46:15][INFO] ▶  app: Initializing 1.1.2
[2021-1-23 16:46:15][INFO] ▶  app: Process ready
[2021-1-23 16:46:15][INFO] ▶  app: Service ready
[2021-1-23 16:46:15][INFO] ▶  app: Checking updates...
[2021-1-23 16:46:18][ERROR] ▶  app: Error: ETIMEDOUT
[2021-1-23 16:46:19][INFO] ▶  app: Servers list: 72 servers found.
[2021-1-23 16:46:19][INFO] ▶  app: Current status: Not Connected
